[INFO ] 2018-07-23 15:16:26,203 --main-- [com.alen.starter] Starting starter on DESKTOP-DGALHL8 with PID 24760 (C:\gitLabRepository\LIteJob\target\classes started by xufx in C:\gitLabRepository\LIteJob) 
[INFO ] 2018-07-23 15:16:26,205 --main-- [com.alen.starter] No active profile set, falling back to default profiles: default 
[INFO ] 2018-07-23 15:16:26,230 --main-- [org.springframework.boot.context.embedded.AnnotationConfigEmbeddedWebApplicationContext] Refreshing org.springframework.boot.context.embedded.AnnotationConfigEmbeddedWebApplicationContext@12468a38: startup date [Mon Jul 23 15:16:26 CST 2018]; root of context hierarchy 
[INFO ] 2018-07-23 15:16:26,350 --background-preinit-- [org.hibernate.validator.internal.util.Version] HV000001: Hibernate Validator 5.3.5.Final 
[INFO ] 2018-07-23 15:16:27,026 --main-- [org.springframework.boot.context.embedded.jetty.JettyEmbeddedServletContainerFactory] Server initialized with port: 8080 
[INFO ] 2018-07-23 15:16:27,027 --main-- [org.eclipse.jetty.server.Server] jetty-8.1.19.v20160209 
[INFO ] 2018-07-23 15:16:27,043 --main-- [application] Initializing Spring embedded WebApplicationContext 
[INFO ] 2018-07-23 15:16:27,043 --main-- [org.springframework.web.context.ContextLoader] Root WebApplicationContext: initialization completed in 813 ms 
[INFO ] 2018-07-23 15:16:27,151 --main-- [org.springframework.boot.web.servlet.ServletRegistrationBean] Mapping servlet: 'dispatcherServlet' to [/] 
[INFO ] 2018-07-23 15:16:27,153 --main-- [org.springframework.boot.web.servlet.FilterRegistrationBean] Mapping filter: 'characterEncodingFilter' to: [/*] 
[INFO ] 2018-07-23 15:16:27,153 --main-- [org.springframework.boot.web.servlet.FilterRegistrationBean] Mapping filter: 'hiddenHttpMethodFilter' to: [/*] 
[INFO ] 2018-07-23 15:16:27,154 --main-- [org.springframework.boot.web.servlet.FilterRegistrationBean] Mapping filter: 'httpPutFormContentFilter' to: [/*] 
[INFO ] 2018-07-23 15:16:27,154 --main-- [org.springframework.boot.web.servlet.FilterRegistrationBean] Mapping filter: 'requestContextFilter' to: [/*] 
[INFO ] 2018-07-23 15:16:27,194 --main-- [org.apache.curator.framework.imps.CuratorFrameworkImpl] Starting 
[INFO ] 2018-07-23 15:16:27,198 --main-- [org.apache.zookeeper.ZooKeeper] Client environment:zookeeper.version=3.4.6-1569965, built on 02/20/2014 09:09 GMT 
[INFO ] 2018-07-23 15:16:27,198 --main-- [org.apache.zookeeper.ZooKeeper] Client environment:host.name=DESKTOP-DGALHL8 
[INFO ] 2018-07-23 15:16:27,198 --main-- [org.apache.zookeeper.ZooKeeper] Client environment:java.version=1.8.0_171 
[INFO ] 2018-07-23 15:16:27,198 --main-- [org.apache.zookeeper.ZooKeeper] Client environment:java.vendor=Oracle Corporation 
[INFO ] 2018-07-23 15:16:27,198 --main-- [org.apache.zookeeper.ZooKeeper] Client environment:java.home=C:\Program Files\Java\jdk1.8.0_171\jre 
[INFO ] 2018-07-23 15:16:27,198 --main-- [org.apache.zookeeper.ZooKeeper] Client environment:java.class.path=C:\Program Files\Java\jdk1.8.0_171\jre\lib\charsets.jar;C:\Program Files\Java\jdk1.8.0_171\jre\lib\deploy.jar;C:\Program Files\Java\jdk1.8.0_171\jre\lib\ext\access-bridge-64.jar;C:\Program Files\Java\jdk1.8.0_171\jre\lib\ext\cldrdata.jar;C:\Program Files\Java\jdk1.8.0_171\jre\lib\ext\dnsns.jar;C:\Program Files\Java\jdk1.8.0_171\jre\lib\ext\jaccess.jar;C:\Program Files\Java\jdk1.8.0_171\jre\lib\ext\jfxrt.jar;C:\Program Files\Java\jdk1.8.0_171\jre\lib\ext\localedata.jar;C:\Program Files\Java\jdk1.8.0_171\jre\lib\ext\nashorn.jar;C:\Program Files\Java\jdk1.8.0_171\jre\lib\ext\sunec.jar;C:\Program Files\Java\jdk1.8.0_171\jre\lib\ext\sunjce_provider.jar;C:\Program Files\Java\jdk1.8.0_171\jre\lib\ext\sunmscapi.jar;C:\Program Files\Java\jdk1.8.0_171\jre\lib\ext\sunpkcs11.jar;C:\Program Files\Java\jdk1.8.0_171\jre\lib\ext\zipfs.jar;C:\Program Files\Java\jdk1.8.0_171\jre\lib\javaws.jar;C:\Program Files\Java\jdk1.8.0_171\jre\lib\jce.jar;C:\Program Files\Java\jdk1.8.0_171\jre\lib\jfr.jar;C:\Program Files\Java\jdk1.8.0_171\jre\lib\jfxswt.jar;C:\Program Files\Java\jdk1.8.0_171\jre\lib\jsse.jar;C:\Program Files\Java\jdk1.8.0_171\jre\lib\management-agent.jar;C:\Program Files\Java\jdk1.8.0_171\jre\lib\plugin.jar;C:\Program Files\Java\jdk1.8.0_171\jre\lib\resources.jar;C:\Program Files\Java\jdk1.8.0_171\jre\lib\rt.jar;C:\gitLabRepository\LIteJob\target\classes;C:\maven\respository\org\springframework\boot\spring-boot-starter-web\1.5.3.RELEASE\spring-boot-starter-web-1.5.3.RELEASE.jar;C:\maven\respository\org\springframework\boot\spring-boot-starter\1.5.3.RELEASE\spring-boot-starter-1.5.3.RELEASE.jar;C:\maven\respository\org\springframework\boot\spring-boot\1.5.3.RELEASE\spring-boot-1.5.3.RELEASE.jar;C:\maven\respository\org\springframework\boot\spring-boot-autoconfigure\1.5.3.RELEASE\spring-boot-autoconfigure-1.5.3.RELEASE.jar;C:\maven\respository\org\springframework\boot\spring-boot-starter-logging\1.5.3.RELEASE\spring-boot-starter-logging-1.5.3.RELEASE.jar;C:\maven\respository\org\slf4j\jul-to-slf4j\1.7.25\jul-to-slf4j-1.7.25.jar;C:\maven\respository\org\springframework\spring-core\4.3.8.RELEASE\spring-core-4.3.8.RELEASE.jar;C:\maven\respository\org\yaml\snakeyaml\1.17\snakeyaml-1.17.jar;C:\maven\respository\org\springframework\boot\spring-boot-starter-tomcat\1.5.3.RELEASE\spring-boot-starter-tomcat-1.5.3.RELEASE.jar;C:\maven\respository\org\apache\tomcat\embed\tomcat-embed-core\8.5.14\tomcat-embed-core-8.5.14.jar;C:\maven\respository\org\apache\tomcat\embed\tomcat-embed-el\8.5.14\tomcat-embed-el-8.5.14.jar;C:\maven\respository\org\apache\tomcat\embed\tomcat-embed-websocket\8.5.14\tomcat-embed-websocket-8.5.14.jar;C:\maven\respository\org\hibernate\hibernate-validator\5.3.5.Final\hibernate-validator-5.3.5.Final.jar;C:\maven\respository\javax\validation\validation-api\1.1.0.Final\validation-api-1.1.0.Final.jar;C:\maven\respository\org\jboss\logging\jboss-logging\3.3.1.Final\jboss-logging-3.3.1.Final.jar;C:\maven\respository\com\fasterxml\classmate\1.3.3\classmate-1.3.3.jar;C:\maven\respository\com\fasterxml\jackson\core\jackson-databind\2.8.8\jackson-databind-2.8.8.jar;C:\maven\respository\com\fasterxml\jackson\core\jackson-annotations\2.8.0\jackson-annotations-2.8.0.jar;C:\maven\respository\com\fasterxml\jackson\core\jackson-core\2.8.8\jackson-core-2.8.8.jar;C:\maven\respository\org\springframework\spring-web\4.3.8.RELEASE\spring-web-4.3.8.RELEASE.jar;C:\maven\respository\org\springframework\spring-aop\4.3.8.RELEASE\spring-aop-4.3.8.RELEASE.jar;C:\maven\respository\org\springframework\spring-beans\4.3.8.RELEASE\spring-beans-4.3.8.RELEASE.jar;C:\maven\respository\org\springframework\spring-context\4.3.8.RELEASE\spring-context-4.3.8.RELEASE.jar;C:\maven\respository\org\springframework\spring-webmvc\4.3.8.RELEASE\spring-webmvc-4.3.8.RELEASE.jar;C:\maven\respository\org\springframework\spring-expression\4.3.8.RELEASE\spring-expression-4.3.8.RELEASE.jar;C:\maven\respository\org\springframework\boot\spring-boot-starter-jdbc\1.5.3.RELEASE\spring-boot-starter-jdbc-1.5.3.RELEASE.jar;C:\maven\respository\org\apache\tomcat\tomcat-jdbc\8.5.14\tomcat-jdbc-8.5.14.jar;C:\maven\respository\org\apache\tomcat\tomcat-juli\8.5.14\tomcat-juli-8.5.14.jar;C:\maven\respository\org\springframework\spring-jdbc\4.3.8.RELEASE\spring-jdbc-4.3.8.RELEASE.jar;C:\maven\respository\org\springframework\spring-tx\4.3.8.RELEASE\spring-tx-4.3.8.RELEASE.jar;C:\maven\respository\mysql\mysql-connector-java\5.1.41\mysql-connector-java-5.1.41.jar;C:\maven\respository\com\dangdang\elastic-job-lite-core\2.1.5.F1\elastic-job-lite-core-2.1.5.F1.jar;C:\maven\respository\com\dangdang\elastic-job-common-core\2.1.5.F1\elastic-job-common-core-2.1.5.F1.jar;C:\maven\respository\com\google\guava\guava\18.0\guava-18.0.jar;C:\maven\respository\org\apache\curator\curator-framework\2.10.0\curator-framework-2.10.0.jar;C:\maven\respository\org\apache\curator\curator-client\2.10.0\curator-client-2.10.0.jar;C:\maven\respository\org\apache\zookeeper\zookeeper\3.4.6\zookeeper-3.4.6.jar;C:\maven\respository\log4j\log4j\1.2.16\log4j-1.2.16.jar;C:\maven\respository\jline\jline\0.9.94\jline-0.9.94.jar;C:\maven\respository\io\netty\netty\3.7.0.Final\netty-3.7.0.Final.jar;C:\maven\respository\org\apache\curator\curator-recipes\2.10.0\curator-recipes-2.10.0.jar;C:\maven\respository\com\google\code\gson\gson\2.8.0\gson-2.8.0.jar;C:\maven\respository\org\quartz-scheduler\quartz\2.2.1\quartz-2.2.1.jar;C:\maven\respository\org\apache\commons\commons-lang3\3.4\commons-lang3-3.4.jar;C:\maven\respository\org\apache\commons\commons-exec\1.3\commons-exec-1.3.jar;C:\maven\respository\com\dangdang\elastic-job-lite-spring\2.1.5.F1\elastic-job-lite-spring-2.1.5.F1.jar;C:\maven\respository\com\dangdang\elastic-job-lite-console\2.1.5\elastic-job-lite-console-2.1.5.jar;C:\maven\respository\com\dangdang\elastic-job-lite-lifecycle\2.1.5\elastic-job-lite-lifecycle-2.1.5.jar;C:\maven\respository\com\dangdang\elastic-job-common-restful\2.1.5\elastic-job-common-restful-2.1.5.jar;C:\maven\respository\commons-codec\commons-codec\1.10\commons-codec-1.10.jar;C:\maven\respository\com\sun\jersey\jersey-servlet\1.19\jersey-servlet-1.19.jar;C:\maven\respository\com\sun\jersey\jersey-server\1.19\jersey-server-1.19.jar;C:\maven\respository\com\sun\jersey\jersey-json\1.19\jersey-json-1.19.jar;C:\maven\respository\org\codehaus\jettison\jettison\1.1\jettison-1.1.jar;C:\maven\respository\com\sun\xml\bind\jaxb-impl\2.2.3-1\jaxb-impl-2.2.3-1.jar;C:\maven\respository\javax\xml\bind\jaxb-api\2.2.2\jaxb-api-2.2.2.jar;C:\maven\respository\javax\xml\stream\stax-api\1.0-2\stax-api-1.0-2.jar;C:\maven\respository\javax\activation\activation\1.1\activation-1.1.jar;C:\maven\respository\org\codehaus\jackson\jackson-core-asl\1.9.2\jackson-core-asl-1.9.2.jar;C:\maven\respository\org\codehaus\jackson\jackson-mapper-asl\1.9.2\jackson-mapper-asl-1.9.2.jar;C:\maven\respository\org\codehaus\jackson\jackson-jaxrs\1.9.2\jackson-jaxrs-1.9.2.jar;C:\maven\respository\org\codehaus\jackson\jackson-xc\1.9.2\jackson-xc-1.9.2.jar;C:\maven\respository\com\sun\jersey\jersey-core\1.19\jersey-core-1.19.jar;C:\maven\respository\javax\ws\rs\jsr311-api\1.1.1\jsr311-api-1.1.1.jar;C:\maven\respository\com\sun\jersey\jersey-client\1.19\jersey-client-1.19.jar;C:\maven\respository\org\eclipse\jetty\aggregate\jetty-all-server\8.1.19.v20160209\jetty-all-server-8.1.19.v20160209.jar;C:\maven\respository\org\eclipse\jetty\orbit\javax.servlet\3.0.0.v201112011016\javax.servlet-3.0.0.v201112011016.jar;C:\maven\respository\org\eclipse\jetty\orbit\javax.security.auth.message\1.0.0.v201108011116\javax.security.auth.message-1.0.0.v201108011116.jar;C:\maven\respository\org\eclipse\jetty\orbit\javax.mail.glassfish\1.4.1.v201005082020\javax.mail.glassfish-1.4.1.v201005082020.jar;C:\maven\respository\org\eclipse\jetty\orbit\javax.activation\1.1.0.v201105071233\javax.activation-1.1.0.v201105071233.jar;C:\maven\respository\org\eclipse\jetty\orbit\javax.annotation\1.1.0.v201108011116\javax.annotation-1.1.0.v201108011116.jar;C:\maven\respository\org\slf4j\slf4j-api\1.7.25\slf4j-api-1.7.25.jar;C:\maven\respository\org\slf4j\jcl-over-slf4j\1.7.25\jcl-over-slf4j-1.7.25.jar;C:\maven\respository\org\slf4j\log4j-over-slf4j\1.7.25\log4j-over-slf4j-1.7.25.jar;C:\maven\respository\ch\qos\logback\logback-classic\1.1.11\logback-classic-1.1.11.jar;C:\maven\respository\ch\qos\logback\logback-core\1.1.11\logback-core-1.1.11.jar;C:\maven\respository\commons-dbcp\commons-dbcp\1.4\commons-dbcp-1.4.jar;C:\maven\respository\commons-pool\commons-pool\1.6\commons-pool-1.6.jar;C:\Dprogram\IntelliJ IDEA 2017.3.5\lib\idea_rt.jar 
[INFO ] 2018-07-23 15:16:27,203 --main-- [org.apache.zookeeper.ZooKeeper] Client environment:java.library.path=C:\Program Files\Java\jdk1.8.0_171\jre\bin;C:\Windows\Sun\Java\bin;C:\Windows\system32;C:\Windows;C:\Program Files (x86)\Common Files\Oracle\Java\javapath;C:\Program Files (x86)\Intel\iCLS Client\;C:\Program Files\Intel\iCLS Client\;C:\Windows\system32;C:\Windows;C:\Windows\System32\Wbem;C:\Windows\System32\WindowsPowerShell\v1.0\;C:\Program Files (x86)\Intel\Intel(R) Management Engine Components\DAL;C:\Program Files\Intel\Intel(R) Management Engine Components\DAL;C:\Program Files (x86)\Intel\Intel(R) Management Engine Components\IPT;C:\Program Files\Intel\Intel(R) Management Engine Components\IPT;C:\Program Files (x86)\NVIDIA Corporation\PhysX\Common;C:\Program Files\Intel\WiFi\bin\;C:\Program Files\Common Files\Intel\WirelessCommon\;C:\Program Files\Java\jdk1.8.0_171\bin;C:\Program Files\Java\jdk1.8.0_171\jre\bin;C:\maven\bin;C:\Dprogram\Git\Git\cmd;C:\Users\xufx\AppData\Local\Microsoft\WindowsApps;;. 
[INFO ] 2018-07-23 15:16:27,203 --main-- [org.apache.zookeeper.ZooKeeper] Client environment:java.io.tmpdir=C:\Users\xufx\AppData\Local\Temp\ 
[INFO ] 2018-07-23 15:16:27,203 --main-- [org.apache.zookeeper.ZooKeeper] Client environment:java.compiler=<NA> 
[INFO ] 2018-07-23 15:16:27,203 --main-- [org.apache.zookeeper.ZooKeeper] Client environment:os.name=Windows 10 
[INFO ] 2018-07-23 15:16:27,203 --main-- [org.apache.zookeeper.ZooKeeper] Client environment:os.arch=amd64 
[INFO ] 2018-07-23 15:16:27,203 --main-- [org.apache.zookeeper.ZooKeeper] Client environment:os.version=10.0 
[INFO ] 2018-07-23 15:16:27,203 --main-- [org.apache.zookeeper.ZooKeeper] Client environment:user.name=xufx 
[INFO ] 2018-07-23 15:16:27,203 --main-- [org.apache.zookeeper.ZooKeeper] Client environment:user.home=C:\Users\xufx 
[INFO ] 2018-07-23 15:16:27,203 --main-- [org.apache.zookeeper.ZooKeeper] Client environment:user.dir=C:\gitLabRepository\LIteJob 
[INFO ] 2018-07-23 15:16:27,204 --main-- [org.apache.zookeeper.ZooKeeper] Initiating client connection, connectString=10.0.2.145:2181 sessionTimeout=60000 watcher=org.apache.curator.ConnectionState@1532c619 
[INFO ] 2018-07-23 15:16:27,224 --main-SendThread(10.0.2.145:2181)-- [org.apache.zookeeper.ClientCnxn] Opening socket connection to server 10.0.2.145/10.0.2.145:2181. Will not attempt to authenticate using SASL (unknown error) 
[INFO ] 2018-07-23 15:16:27,225 --main-SendThread(10.0.2.145:2181)-- [org.apache.zookeeper.ClientCnxn] Socket connection established to 10.0.2.145/10.0.2.145:2181, initiating session 
[INFO ] 2018-07-23 15:16:27,232 --main-SendThread(10.0.2.145:2181)-- [org.apache.zookeeper.ClientCnxn] Session establishment complete on server 10.0.2.145/10.0.2.145:2181, sessionid = 0x164c4e36711001c, negotiated timeout = 40000 
[INFO ] 2018-07-23 15:16:27,235 --main-EventThread-- [org.apache.curator.framework.state.ConnectionStateManager] State change: CONNECTED 
[INFO ] 2018-07-23 15:16:27,244 --main-- [org.springframework.jdbc.datasource.DriverManagerDataSource] Loaded JDBC driver: com.mysql.jdbc.Driver 
[INFO ] 2018-07-23 15:16:27,582 --main-- [org.quartz.impl.StdSchedulerFactory] Using default implementation for ThreadExecutor 
[INFO ] 2018-07-23 15:16:27,589 --main-- [org.quartz.core.SchedulerSignalerImpl] Initialized Scheduler Signaller of type: class org.quartz.core.SchedulerSignalerImpl 
[INFO ] 2018-07-23 15:16:27,589 --main-- [org.quartz.core.QuartzScheduler] Quartz Scheduler v.2.2.1 created. 
[INFO ] 2018-07-23 15:16:27,590 --main-- [com.dangdang.ddframe.job.lite.internal.schedule.JobShutdownHookPlugin] Registering Quartz shutdown hook. 
[INFO ] 2018-07-23 15:16:27,590 --main-- [org.quartz.simpl.RAMJobStore] RAMJobStore initialized. 
[INFO ] 2018-07-23 15:16:27,591 --main-- [org.quartz.core.QuartzScheduler] Scheduler meta-data: Quartz Scheduler (v2.2.1) 'com.alen.entity.job.dataflow.SpringDataflowJob' with instanceId 'NON_CLUSTERED'
  Scheduler class: 'org.quartz.core.QuartzScheduler' - running locally.
  NOT STARTED.
  Currently in standby mode.
  Number of jobs executed: 0
  Using thread pool 'org.quartz.simpl.SimpleThreadPool' - with 1 threads.
  Using job-store 'org.quartz.simpl.RAMJobStore' - which does not support persistence. and is not clustered.
 
[INFO ] 2018-07-23 15:16:27,591 --main-- [org.quartz.impl.StdSchedulerFactory] Quartz scheduler 'com.alen.entity.job.dataflow.SpringDataflowJob' initialized from an externally provided properties instance. 
[INFO ] 2018-07-23 15:16:27,591 --main-- [org.quartz.impl.StdSchedulerFactory] Quartz scheduler version: 2.2.1 
[INFO ] 2018-07-23 15:16:27,633 --main-- [org.quartz.core.QuartzScheduler] Scheduler com.alen.entity.job.dataflow.SpringDataflowJob_$_NON_CLUSTERED started. 
[INFO ] 2018-07-23 15:16:27,646 --main-- [org.quartz.impl.StdSchedulerFactory] Using default implementation for ThreadExecutor 
[INFO ] 2018-07-23 15:16:27,647 --main-- [org.quartz.core.SchedulerSignalerImpl] Initialized Scheduler Signaller of type: class org.quartz.core.SchedulerSignalerImpl 
[INFO ] 2018-07-23 15:16:27,647 --main-- [org.quartz.core.QuartzScheduler] Quartz Scheduler v.2.2.1 created. 
[INFO ] 2018-07-23 15:16:27,647 --main-- [com.dangdang.ddframe.job.lite.internal.schedule.JobShutdownHookPlugin] Registering Quartz shutdown hook. 
[INFO ] 2018-07-23 15:16:27,647 --main-- [org.quartz.simpl.RAMJobStore] RAMJobStore initialized. 
[INFO ] 2018-07-23 15:16:27,647 --main-- [org.quartz.core.QuartzScheduler] Scheduler meta-data: Quartz Scheduler (v2.2.1) 'com.alen.entity.job.simple.SpringSimpleJob' with instanceId 'NON_CLUSTERED'
  Scheduler class: 'org.quartz.core.QuartzScheduler' - running locally.
  NOT STARTED.
  Currently in standby mode.
  Number of jobs executed: 0
  Using thread pool 'org.quartz.simpl.SimpleThreadPool' - with 1 threads.
  Using job-store 'org.quartz.simpl.RAMJobStore' - which does not support persistence. and is not clustered.
 
[INFO ] 2018-07-23 15:16:27,647 --main-- [org.quartz.impl.StdSchedulerFactory] Quartz scheduler 'com.alen.entity.job.simple.SpringSimpleJob' initialized from an externally provided properties instance. 
[INFO ] 2018-07-23 15:16:27,647 --main-- [org.quartz.impl.StdSchedulerFactory] Quartz scheduler version: 2.2.1 
[INFO ] 2018-07-23 15:16:27,661 --main-- [org.quartz.core.QuartzScheduler] Scheduler com.alen.entity.job.simple.SpringSimpleJob_$_NON_CLUSTERED started. 
[INFO ] 2018-07-23 15:16:27,828 --main-- [org.springframework.web.servlet.mvc.method.annotation.RequestMappingHandlerAdapter] Looking for @ControllerAdvice: org.springframework.boot.context.embedded.AnnotationConfigEmbeddedWebApplicationContext@12468a38: startup date [Mon Jul 23 15:16:26 CST 2018]; root of context hierarchy 
[INFO ] 2018-07-23 15:16:27,867 --main-- [org.springframework.web.servlet.mvc.method.annotation.RequestMappingHandlerMapping] Mapped "{[/error]}" onto public org.springframework.http.ResponseEntity<java.util.Map<java.lang.String, java.lang.Object>> org.springframework.boot.autoconfigure.web.BasicErrorController.error(javax.servlet.http.HttpServletRequest) 
[INFO ] 2018-07-23 15:16:27,868 --main-- [org.springframework.web.servlet.mvc.method.annotation.RequestMappingHandlerMapping] Mapped "{[/error],produces=[text/html]}" onto public org.springframework.web.servlet.ModelAndView org.springframework.boot.autoconfigure.web.BasicErrorController.errorHtml(javax.servlet.http.HttpServletRequest,javax.servlet.http.HttpServletResponse) 
[INFO ] 2018-07-23 15:16:27,896 --main-- [org.springframework.web.servlet.handler.SimpleUrlHandlerMapping] Mapped URL path [/webjars/**] onto handler of type [class org.springframework.web.servlet.resource.ResourceHttpRequestHandler] 
[INFO ] 2018-07-23 15:16:27,896 --main-- [org.springframework.web.servlet.handler.SimpleUrlHandlerMapping] Mapped URL path [/**] onto handler of type [class org.springframework.web.servlet.resource.ResourceHttpRequestHandler] 
[INFO ] 2018-07-23 15:16:27,921 --main-- [org.springframework.web.servlet.handler.SimpleUrlHandlerMapping] Mapped URL path [/**/favicon.ico] onto handler of type [class org.springframework.web.servlet.resource.ResourceHttpRequestHandler] 
[INFO ] 2018-07-23 15:16:28,087 --main-- [org.springframework.jmx.export.annotation.AnnotationMBeanExporter] Registering beans for JMX exposure on startup 
[INFO ] 2018-07-23 15:16:28,099 --main-- [application] Initializing Spring FrameworkServlet 'dispatcherServlet' 
[INFO ] 2018-07-23 15:16:28,099 --main-- [org.springframework.web.servlet.DispatcherServlet] FrameworkServlet 'dispatcherServlet': initialization started 
[INFO ] 2018-07-23 15:16:28,106 --main-- [org.springframework.web.servlet.DispatcherServlet] FrameworkServlet 'dispatcherServlet': initialization completed in 7 ms 
[INFO ] 2018-07-23 15:16:28,111 --main-- [org.eclipse.jetty.server.AbstractConnector] Started SelectChannelConnector@0.0.0.0:8080 
[INFO ] 2018-07-23 15:16:28,111 --main-- [org.springframework.boot.context.embedded.jetty.JettyEmbeddedServletContainer] Jetty started on port(s) 8080 
[INFO ] 2018-07-23 15:16:28,114 --main-- [com.alen.starter] Started starter in 2.205 seconds (JVM running for 2.796) 
[INFO ] 2018-07-23 15:30:13,249 --Curator-TreeCache-1-- [org.quartz.core.QuartzScheduler] Scheduler com.alen.entity.job.simple.SpringSimpleJob_$_NON_CLUSTERED shutting down. 
[INFO ] 2018-07-23 15:30:13,249 --Curator-TreeCache-1-- [org.quartz.core.QuartzScheduler] Scheduler com.alen.entity.job.simple.SpringSimpleJob_$_NON_CLUSTERED paused. 
[INFO ] 2018-07-23 15:30:13,250 --Curator-TreeCache-1-- [org.quartz.core.QuartzScheduler] Scheduler com.alen.entity.job.simple.SpringSimpleJob_$_NON_CLUSTERED shutdown complete. 
[INFO ] 2018-07-23 15:47:28,427 --main-- [com.alen.starter] Starting starter on DESKTOP-DGALHL8 with PID 42672 (C:\gitLabRepository\LIteJob\target\classes started by xufx in C:\gitLabRepository\LIteJob) 
[INFO ] 2018-07-23 15:47:28,429 --main-- [com.alen.starter] No active profile set, falling back to default profiles: default 
[INFO ] 2018-07-23 15:47:28,454 --main-- [org.springframework.boot.context.embedded.AnnotationConfigEmbeddedWebApplicationContext] Refreshing org.springframework.boot.context.embedded.AnnotationConfigEmbeddedWebApplicationContext@12468a38: startup date [Mon Jul 23 15:47:28 CST 2018]; root of context hierarchy 
[INFO ] 2018-07-23 15:47:28,609 --background-preinit-- [org.hibernate.validator.internal.util.Version] HV000001: Hibernate Validator 5.3.5.Final 
[INFO ] 2018-07-23 15:47:29,225 --main-- [org.springframework.boot.context.embedded.jetty.JettyEmbeddedServletContainerFactory] Server initialized with port: 8080 
[INFO ] 2018-07-23 15:47:29,226 --main-- [org.eclipse.jetty.server.Server] jetty-8.1.19.v20160209 
[INFO ] 2018-07-23 15:47:29,242 --main-- [application] Initializing Spring embedded WebApplicationContext 
[INFO ] 2018-07-23 15:47:29,242 --main-- [org.springframework.web.context.ContextLoader] Root WebApplicationContext: initialization completed in 788 ms 
[INFO ] 2018-07-23 15:47:29,358 --main-- [org.springframework.boot.web.servlet.ServletRegistrationBean] Mapping servlet: 'dispatcherServlet' to [/] 
[INFO ] 2018-07-23 15:47:29,359 --main-- [org.springframework.boot.web.servlet.FilterRegistrationBean] Mapping filter: 'characterEncodingFilter' to: [/*] 
[INFO ] 2018-07-23 15:47:29,360 --main-- [org.springframework.boot.web.servlet.FilterRegistrationBean] Mapping filter: 'hiddenHttpMethodFilter' to: [/*] 
[INFO ] 2018-07-23 15:47:29,360 --main-- [org.springframework.boot.web.servlet.FilterRegistrationBean] Mapping filter: 'httpPutFormContentFilter' to: [/*] 
[INFO ] 2018-07-23 15:47:29,360 --main-- [org.springframework.boot.web.servlet.FilterRegistrationBean] Mapping filter: 'requestContextFilter' to: [/*] 
[INFO ] 2018-07-23 15:47:29,405 --main-- [org.apache.curator.framework.imps.CuratorFrameworkImpl] Starting 
[INFO ] 2018-07-23 15:47:29,410 --main-- [org.apache.zookeeper.ZooKeeper] Client environment:zookeeper.version=3.4.6-1569965, built on 02/20/2014 09:09 GMT 
[INFO ] 2018-07-23 15:47:29,410 --main-- [org.apache.zookeeper.ZooKeeper] Client environment:host.name=DESKTOP-DGALHL8 
[INFO ] 2018-07-23 15:47:29,410 --main-- [org.apache.zookeeper.ZooKeeper] Client environment:java.version=1.8.0_171 
[INFO ] 2018-07-23 15:47:29,410 --main-- [org.apache.zookeeper.ZooKeeper] Client environment:java.vendor=Oracle Corporation 
[INFO ] 2018-07-23 15:47:29,410 --main-- [org.apache.zookeeper.ZooKeeper] Client environment:java.home=C:\Program Files\Java\jdk1.8.0_171\jre 
[INFO ] 2018-07-23 15:47:29,410 --main-- [org.apache.zookeeper.ZooKeeper] Client environment:java.class.path=C:\Program Files\Java\jdk1.8.0_171\jre\lib\charsets.jar;C:\Program Files\Java\jdk1.8.0_171\jre\lib\deploy.jar;C:\Program Files\Java\jdk1.8.0_171\jre\lib\ext\access-bridge-64.jar;C:\Program Files\Java\jdk1.8.0_171\jre\lib\ext\cldrdata.jar;C:\Program Files\Java\jdk1.8.0_171\jre\lib\ext\dnsns.jar;C:\Program Files\Java\jdk1.8.0_171\jre\lib\ext\jaccess.jar;C:\Program Files\Java\jdk1.8.0_171\jre\lib\ext\jfxrt.jar;C:\Program Files\Java\jdk1.8.0_171\jre\lib\ext\localedata.jar;C:\Program Files\Java\jdk1.8.0_171\jre\lib\ext\nashorn.jar;C:\Program Files\Java\jdk1.8.0_171\jre\lib\ext\sunec.jar;C:\Program Files\Java\jdk1.8.0_171\jre\lib\ext\sunjce_provider.jar;C:\Program Files\Java\jdk1.8.0_171\jre\lib\ext\sunmscapi.jar;C:\Program Files\Java\jdk1.8.0_171\jre\lib\ext\sunpkcs11.jar;C:\Program Files\Java\jdk1.8.0_171\jre\lib\ext\zipfs.jar;C:\Program Files\Java\jdk1.8.0_171\jre\lib\javaws.jar;C:\Program Files\Java\jdk1.8.0_171\jre\lib\jce.jar;C:\Program Files\Java\jdk1.8.0_171\jre\lib\jfr.jar;C:\Program Files\Java\jdk1.8.0_171\jre\lib\jfxswt.jar;C:\Program Files\Java\jdk1.8.0_171\jre\lib\jsse.jar;C:\Program Files\Java\jdk1.8.0_171\jre\lib\management-agent.jar;C:\Program Files\Java\jdk1.8.0_171\jre\lib\plugin.jar;C:\Program Files\Java\jdk1.8.0_171\jre\lib\resources.jar;C:\Program Files\Java\jdk1.8.0_171\jre\lib\rt.jar;C:\gitLabRepository\LIteJob\target\classes;C:\maven\respository\org\springframework\boot\spring-boot-starter-web\1.5.3.RELEASE\spring-boot-starter-web-1.5.3.RELEASE.jar;C:\maven\respository\org\springframework\boot\spring-boot-starter\1.5.3.RELEASE\spring-boot-starter-1.5.3.RELEASE.jar;C:\maven\respository\org\springframework\boot\spring-boot\1.5.3.RELEASE\spring-boot-1.5.3.RELEASE.jar;C:\maven\respository\org\springframework\boot\spring-boot-autoconfigure\1.5.3.RELEASE\spring-boot-autoconfigure-1.5.3.RELEASE.jar;C:\maven\respository\org\springframework\boot\spring-boot-starter-logging\1.5.3.RELEASE\spring-boot-starter-logging-1.5.3.RELEASE.jar;C:\maven\respository\org\slf4j\jul-to-slf4j\1.7.25\jul-to-slf4j-1.7.25.jar;C:\maven\respository\org\springframework\spring-core\4.3.8.RELEASE\spring-core-4.3.8.RELEASE.jar;C:\maven\respository\org\yaml\snakeyaml\1.17\snakeyaml-1.17.jar;C:\maven\respository\org\springframework\boot\spring-boot-starter-tomcat\1.5.3.RELEASE\spring-boot-starter-tomcat-1.5.3.RELEASE.jar;C:\maven\respository\org\apache\tomcat\embed\tomcat-embed-core\8.5.14\tomcat-embed-core-8.5.14.jar;C:\maven\respository\org\apache\tomcat\embed\tomcat-embed-el\8.5.14\tomcat-embed-el-8.5.14.jar;C:\maven\respository\org\apache\tomcat\embed\tomcat-embed-websocket\8.5.14\tomcat-embed-websocket-8.5.14.jar;C:\maven\respository\org\hibernate\hibernate-validator\5.3.5.Final\hibernate-validator-5.3.5.Final.jar;C:\maven\respository\javax\validation\validation-api\1.1.0.Final\validation-api-1.1.0.Final.jar;C:\maven\respository\org\jboss\logging\jboss-logging\3.3.1.Final\jboss-logging-3.3.1.Final.jar;C:\maven\respository\com\fasterxml\classmate\1.3.3\classmate-1.3.3.jar;C:\maven\respository\com\fasterxml\jackson\core\jackson-databind\2.8.8\jackson-databind-2.8.8.jar;C:\maven\respository\com\fasterxml\jackson\core\jackson-annotations\2.8.0\jackson-annotations-2.8.0.jar;C:\maven\respository\com\fasterxml\jackson\core\jackson-core\2.8.8\jackson-core-2.8.8.jar;C:\maven\respository\org\springframework\spring-web\4.3.8.RELEASE\spring-web-4.3.8.RELEASE.jar;C:\maven\respository\org\springframework\spring-aop\4.3.8.RELEASE\spring-aop-4.3.8.RELEASE.jar;C:\maven\respository\org\springframework\spring-beans\4.3.8.RELEASE\spring-beans-4.3.8.RELEASE.jar;C:\maven\respository\org\springframework\spring-context\4.3.8.RELEASE\spring-context-4.3.8.RELEASE.jar;C:\maven\respository\org\springframework\spring-webmvc\4.3.8.RELEASE\spring-webmvc-4.3.8.RELEASE.jar;C:\maven\respository\org\springframework\spring-expression\4.3.8.RELEASE\spring-expression-4.3.8.RELEASE.jar;C:\maven\respository\org\springframework\boot\spring-boot-starter-jdbc\1.5.3.RELEASE\spring-boot-starter-jdbc-1.5.3.RELEASE.jar;C:\maven\respository\org\apache\tomcat\tomcat-jdbc\8.5.14\tomcat-jdbc-8.5.14.jar;C:\maven\respository\org\apache\tomcat\tomcat-juli\8.5.14\tomcat-juli-8.5.14.jar;C:\maven\respository\org\springframework\spring-jdbc\4.3.8.RELEASE\spring-jdbc-4.3.8.RELEASE.jar;C:\maven\respository\org\springframework\spring-tx\4.3.8.RELEASE\spring-tx-4.3.8.RELEASE.jar;C:\maven\respository\mysql\mysql-connector-java\5.1.41\mysql-connector-java-5.1.41.jar;C:\maven\respository\com\dangdang\elastic-job-lite-core\2.1.5.F1\elastic-job-lite-core-2.1.5.F1.jar;C:\maven\respository\com\dangdang\elastic-job-common-core\2.1.5.F1\elastic-job-common-core-2.1.5.F1.jar;C:\maven\respository\com\google\guava\guava\18.0\guava-18.0.jar;C:\maven\respository\org\apache\curator\curator-framework\2.10.0\curator-framework-2.10.0.jar;C:\maven\respository\org\apache\curator\curator-client\2.10.0\curator-client-2.10.0.jar;C:\maven\respository\org\apache\zookeeper\zookeeper\3.4.6\zookeeper-3.4.6.jar;C:\maven\respository\log4j\log4j\1.2.16\log4j-1.2.16.jar;C:\maven\respository\jline\jline\0.9.94\jline-0.9.94.jar;C:\maven\respository\io\netty\netty\3.7.0.Final\netty-3.7.0.Final.jar;C:\maven\respository\org\apache\curator\curator-recipes\2.10.0\curator-recipes-2.10.0.jar;C:\maven\respository\com\google\code\gson\gson\2.8.0\gson-2.8.0.jar;C:\maven\respository\org\quartz-scheduler\quartz\2.2.1\quartz-2.2.1.jar;C:\maven\respository\org\apache\commons\commons-lang3\3.4\commons-lang3-3.4.jar;C:\maven\respository\org\apache\commons\commons-exec\1.3\commons-exec-1.3.jar;C:\maven\respository\com\dangdang\elastic-job-lite-spring\2.1.5.F1\elastic-job-lite-spring-2.1.5.F1.jar;C:\maven\respository\com\dangdang\elastic-job-lite-console\2.1.5\elastic-job-lite-console-2.1.5.jar;C:\maven\respository\com\dangdang\elastic-job-lite-lifecycle\2.1.5\elastic-job-lite-lifecycle-2.1.5.jar;C:\maven\respository\com\dangdang\elastic-job-common-restful\2.1.5\elastic-job-common-restful-2.1.5.jar;C:\maven\respository\commons-codec\commons-codec\1.10\commons-codec-1.10.jar;C:\maven\respository\com\sun\jersey\jersey-servlet\1.19\jersey-servlet-1.19.jar;C:\maven\respository\com\sun\jersey\jersey-server\1.19\jersey-server-1.19.jar;C:\maven\respository\com\sun\jersey\jersey-json\1.19\jersey-json-1.19.jar;C:\maven\respository\org\codehaus\jettison\jettison\1.1\jettison-1.1.jar;C:\maven\respository\com\sun\xml\bind\jaxb-impl\2.2.3-1\jaxb-impl-2.2.3-1.jar;C:\maven\respository\javax\xml\bind\jaxb-api\2.2.2\jaxb-api-2.2.2.jar;C:\maven\respository\javax\xml\stream\stax-api\1.0-2\stax-api-1.0-2.jar;C:\maven\respository\javax\activation\activation\1.1\activation-1.1.jar;C:\maven\respository\org\codehaus\jackson\jackson-core-asl\1.9.2\jackson-core-asl-1.9.2.jar;C:\maven\respository\org\codehaus\jackson\jackson-mapper-asl\1.9.2\jackson-mapper-asl-1.9.2.jar;C:\maven\respository\org\codehaus\jackson\jackson-jaxrs\1.9.2\jackson-jaxrs-1.9.2.jar;C:\maven\respository\org\codehaus\jackson\jackson-xc\1.9.2\jackson-xc-1.9.2.jar;C:\maven\respository\com\sun\jersey\jersey-core\1.19\jersey-core-1.19.jar;C:\maven\respository\javax\ws\rs\jsr311-api\1.1.1\jsr311-api-1.1.1.jar;C:\maven\respository\com\sun\jersey\jersey-client\1.19\jersey-client-1.19.jar;C:\maven\respository\org\eclipse\jetty\aggregate\jetty-all-server\8.1.19.v20160209\jetty-all-server-8.1.19.v20160209.jar;C:\maven\respository\org\eclipse\jetty\orbit\javax.servlet\3.0.0.v201112011016\javax.servlet-3.0.0.v201112011016.jar;C:\maven\respository\org\eclipse\jetty\orbit\javax.security.auth.message\1.0.0.v201108011116\javax.security.auth.message-1.0.0.v201108011116.jar;C:\maven\respository\org\eclipse\jetty\orbit\javax.mail.glassfish\1.4.1.v201005082020\javax.mail.glassfish-1.4.1.v201005082020.jar;C:\maven\respository\org\eclipse\jetty\orbit\javax.activation\1.1.0.v201105071233\javax.activation-1.1.0.v201105071233.jar;C:\maven\respository\org\eclipse\jetty\orbit\javax.annotation\1.1.0.v201108011116\javax.annotation-1.1.0.v201108011116.jar;C:\maven\respository\org\slf4j\slf4j-api\1.7.25\slf4j-api-1.7.25.jar;C:\maven\respository\org\slf4j\jcl-over-slf4j\1.7.25\jcl-over-slf4j-1.7.25.jar;C:\maven\respository\org\slf4j\log4j-over-slf4j\1.7.25\log4j-over-slf4j-1.7.25.jar;C:\maven\respository\ch\qos\logback\logback-classic\1.1.11\logback-classic-1.1.11.jar;C:\maven\respository\ch\qos\logback\logback-core\1.1.11\logback-core-1.1.11.jar;C:\maven\respository\commons-dbcp\commons-dbcp\1.4\commons-dbcp-1.4.jar;C:\maven\respository\commons-pool\commons-pool\1.6\commons-pool-1.6.jar;C:\Dprogram\IntelliJ IDEA 2017.3.5\lib\idea_rt.jar 
[INFO ] 2018-07-23 15:47:29,414 --main-- [org.apache.zookeeper.ZooKeeper] Client environment:java.library.path=C:\Program Files\Java\jdk1.8.0_171\jre\bin;C:\Windows\Sun\Java\bin;C:\Windows\system32;C:\Windows;C:\Program Files (x86)\Common Files\Oracle\Java\javapath;C:\Program Files (x86)\Intel\iCLS Client\;C:\Program Files\Intel\iCLS Client\;C:\Windows\system32;C:\Windows;C:\Windows\System32\Wbem;C:\Windows\System32\WindowsPowerShell\v1.0\;C:\Program Files (x86)\Intel\Intel(R) Management Engine Components\DAL;C:\Program Files\Intel\Intel(R) Management Engine Components\DAL;C:\Program Files (x86)\Intel\Intel(R) Management Engine Components\IPT;C:\Program Files\Intel\Intel(R) Management Engine Components\IPT;C:\Program Files (x86)\NVIDIA Corporation\PhysX\Common;C:\Program Files\Intel\WiFi\bin\;C:\Program Files\Common Files\Intel\WirelessCommon\;C:\Program Files\Java\jdk1.8.0_171\bin;C:\Program Files\Java\jdk1.8.0_171\jre\bin;C:\maven\bin;C:\Dprogram\Git\Git\cmd;C:\Users\xufx\AppData\Local\Microsoft\WindowsApps;;. 
[INFO ] 2018-07-23 15:47:29,414 --main-- [org.apache.zookeeper.ZooKeeper] Client environment:java.io.tmpdir=C:\Users\xufx\AppData\Local\Temp\ 
[INFO ] 2018-07-23 15:47:29,414 --main-- [org.apache.zookeeper.ZooKeeper] Client environment:java.compiler=<NA> 
[INFO ] 2018-07-23 15:47:29,414 --main-- [org.apache.zookeeper.ZooKeeper] Client environment:os.name=Windows 10 
[INFO ] 2018-07-23 15:47:29,414 --main-- [org.apache.zookeeper.ZooKeeper] Client environment:os.arch=amd64 
[INFO ] 2018-07-23 15:47:29,414 --main-- [org.apache.zookeeper.ZooKeeper] Client environment:os.version=10.0 
[INFO ] 2018-07-23 15:47:29,414 --main-- [org.apache.zookeeper.ZooKeeper] Client environment:user.name=xufx 
[INFO ] 2018-07-23 15:47:29,414 --main-- [org.apache.zookeeper.ZooKeeper] Client environment:user.home=C:\Users\xufx 
[INFO ] 2018-07-23 15:47:29,414 --main-- [org.apache.zookeeper.ZooKeeper] Client environment:user.dir=C:\gitLabRepository\LIteJob 
[INFO ] 2018-07-23 15:47:29,414 --main-- [org.apache.zookeeper.ZooKeeper] Initiating client connection, connectString=10.0.2.145:2181 sessionTimeout=60000 watcher=org.apache.curator.ConnectionState@1532c619 
[INFO ] 2018-07-23 15:47:29,426 --main-SendThread(10.0.2.145:2181)-- [org.apache.zookeeper.ClientCnxn] Opening socket connection to server 10.0.2.145/10.0.2.145:2181. Will not attempt to authenticate using SASL (unknown error) 
[INFO ] 2018-07-23 15:47:29,427 --main-SendThread(10.0.2.145:2181)-- [org.apache.zookeeper.ClientCnxn] Socket connection established to 10.0.2.145/10.0.2.145:2181, initiating session 
[INFO ] 2018-07-23 15:47:29,440 --main-SendThread(10.0.2.145:2181)-- [org.apache.zookeeper.ClientCnxn] Session establishment complete on server 10.0.2.145/10.0.2.145:2181, sessionid = 0x164c4e36711001e, negotiated timeout = 40000 
[INFO ] 2018-07-23 15:47:29,443 --main-EventThread-- [org.apache.curator.framework.state.ConnectionStateManager] State change: CONNECTED 
[INFO ] 2018-07-23 15:47:29,451 --main-- [org.springframework.jdbc.datasource.DriverManagerDataSource] Loaded JDBC driver: com.mysql.jdbc.Driver 
[INFO ] 2018-07-23 15:47:29,784 --main-- [org.quartz.impl.StdSchedulerFactory] Using default implementation for ThreadExecutor 
[INFO ] 2018-07-23 15:47:29,791 --main-- [org.quartz.core.SchedulerSignalerImpl] Initialized Scheduler Signaller of type: class org.quartz.core.SchedulerSignalerImpl 
[INFO ] 2018-07-23 15:47:29,791 --main-- [org.quartz.core.QuartzScheduler] Quartz Scheduler v.2.2.1 created. 
[INFO ] 2018-07-23 15:47:29,792 --main-- [com.dangdang.ddframe.job.lite.internal.schedule.JobShutdownHookPlugin] Registering Quartz shutdown hook. 
[INFO ] 2018-07-23 15:47:29,792 --main-- [org.quartz.simpl.RAMJobStore] RAMJobStore initialized. 
[INFO ] 2018-07-23 15:47:29,792 --main-- [org.quartz.core.QuartzScheduler] Scheduler meta-data: Quartz Scheduler (v2.2.1) 'com.alen.entity.job.dataflow.SpringDataflowJob' with instanceId 'NON_CLUSTERED'
  Scheduler class: 'org.quartz.core.QuartzScheduler' - running locally.
  NOT STARTED.
  Currently in standby mode.
  Number of jobs executed: 0
  Using thread pool 'org.quartz.simpl.SimpleThreadPool' - with 1 threads.
  Using job-store 'org.quartz.simpl.RAMJobStore' - which does not support persistence. and is not clustered.
 
[INFO ] 2018-07-23 15:47:29,792 --main-- [org.quartz.impl.StdSchedulerFactory] Quartz scheduler 'com.alen.entity.job.dataflow.SpringDataflowJob' initialized from an externally provided properties instance. 
[INFO ] 2018-07-23 15:47:29,792 --main-- [org.quartz.impl.StdSchedulerFactory] Quartz scheduler version: 2.2.1 
[INFO ] 2018-07-23 15:47:29,833 --main-- [org.quartz.core.QuartzScheduler] Scheduler com.alen.entity.job.dataflow.SpringDataflowJob_$_NON_CLUSTERED started. 
[INFO ] 2018-07-23 15:47:29,846 --main-- [org.quartz.impl.StdSchedulerFactory] Using default implementation for ThreadExecutor 
[INFO ] 2018-07-23 15:47:29,847 --main-- [org.quartz.core.SchedulerSignalerImpl] Initialized Scheduler Signaller of type: class org.quartz.core.SchedulerSignalerImpl 
[INFO ] 2018-07-23 15:47:29,847 --main-- [org.quartz.core.QuartzScheduler] Quartz Scheduler v.2.2.1 created. 
[INFO ] 2018-07-23 15:47:29,847 --main-- [com.dangdang.ddframe.job.lite.internal.schedule.JobShutdownHookPlugin] Registering Quartz shutdown hook. 
[INFO ] 2018-07-23 15:47:29,847 --main-- [org.quartz.simpl.RAMJobStore] RAMJobStore initialized. 
[INFO ] 2018-07-23 15:47:29,847 --main-- [org.quartz.core.QuartzScheduler] Scheduler meta-data: Quartz Scheduler (v2.2.1) 'com.alen.entity.job.simple.SpringSimpleJob' with instanceId 'NON_CLUSTERED'
  Scheduler class: 'org.quartz.core.QuartzScheduler' - running locally.
  NOT STARTED.
  Currently in standby mode.
  Number of jobs executed: 0
  Using thread pool 'org.quartz.simpl.SimpleThreadPool' - with 1 threads.
  Using job-store 'org.quartz.simpl.RAMJobStore' - which does not support persistence. and is not clustered.
 
[INFO ] 2018-07-23 15:47:29,847 --main-- [org.quartz.impl.StdSchedulerFactory] Quartz scheduler 'com.alen.entity.job.simple.SpringSimpleJob' initialized from an externally provided properties instance. 
[INFO ] 2018-07-23 15:47:29,847 --main-- [org.quartz.impl.StdSchedulerFactory] Quartz scheduler version: 2.2.1 
[INFO ] 2018-07-23 15:47:29,861 --main-- [org.quartz.core.QuartzScheduler] Scheduler com.alen.entity.job.simple.SpringSimpleJob_$_NON_CLUSTERED started. 
[INFO ] 2018-07-23 15:47:30,016 --main-- [org.springframework.web.servlet.mvc.method.annotation.RequestMappingHandlerAdapter] Looking for @ControllerAdvice: org.springframework.boot.context.embedded.AnnotationConfigEmbeddedWebApplicationContext@12468a38: startup date [Mon Jul 23 15:47:28 CST 2018]; root of context hierarchy 
[INFO ] 2018-07-23 15:47:30,061 --main-- [org.springframework.web.servlet.mvc.method.annotation.RequestMappingHandlerMapping] Mapped "{[/error]}" onto public org.springframework.http.ResponseEntity<java.util.Map<java.lang.String, java.lang.Object>> org.springframework.boot.autoconfigure.web.BasicErrorController.error(javax.servlet.http.HttpServletRequest) 
[INFO ] 2018-07-23 15:47:30,062 --main-- [org.springframework.web.servlet.mvc.method.annotation.RequestMappingHandlerMapping] Mapped "{[/error],produces=[text/html]}" onto public org.springframework.web.servlet.ModelAndView org.springframework.boot.autoconfigure.web.BasicErrorController.errorHtml(javax.servlet.http.HttpServletRequest,javax.servlet.http.HttpServletResponse) 
[INFO ] 2018-07-23 15:47:30,080 --main-- [org.springframework.web.servlet.handler.SimpleUrlHandlerMapping] Mapped URL path [/webjars/**] onto handler of type [class org.springframework.web.servlet.resource.ResourceHttpRequestHandler] 
[INFO ] 2018-07-23 15:47:30,080 --main-- [org.springframework.web.servlet.handler.SimpleUrlHandlerMapping] Mapped URL path [/**] onto handler of type [class org.springframework.web.servlet.resource.ResourceHttpRequestHandler] 
[INFO ] 2018-07-23 15:47:30,101 --main-- [org.springframework.web.servlet.handler.SimpleUrlHandlerMapping] Mapped URL path [/**/favicon.ico] onto handler of type [class org.springframework.web.servlet.resource.ResourceHttpRequestHandler] 
[INFO ] 2018-07-23 15:47:30,244 --main-- [org.springframework.jmx.export.annotation.AnnotationMBeanExporter] Registering beans for JMX exposure on startup 
[INFO ] 2018-07-23 15:47:30,256 --main-- [application] Initializing Spring FrameworkServlet 'dispatcherServlet' 
[INFO ] 2018-07-23 15:47:30,257 --main-- [org.springframework.web.servlet.DispatcherServlet] FrameworkServlet 'dispatcherServlet': initialization started 
[INFO ] 2018-07-23 15:47:30,263 --main-- [org.springframework.web.servlet.DispatcherServlet] FrameworkServlet 'dispatcherServlet': initialization completed in 6 ms 
[INFO ] 2018-07-23 15:47:30,268 --main-- [org.eclipse.jetty.server.AbstractConnector] Started SelectChannelConnector@0.0.0.0:8080 
[INFO ] 2018-07-23 15:47:30,268 --main-- [org.springframework.boot.context.embedded.jetty.JettyEmbeddedServletContainer] Jetty started on port(s) 8080 
[INFO ] 2018-07-23 15:47:30,271 --main-- [com.alen.starter] Started starter in 2.128 seconds (JVM running for 2.722) 
